22:48:23LOG_DEBUG*x*x*x*x*x*x*x*x*x*x*x*x*x*x*x*x*x*x*x*x*x*x*x*x*x*x*x*x*x*x*x*x*x*x*x*x*x*
22:49:57LOG_DEBUG*x*x*x*x*x*x*x*x*x*x*x*x*x*x*x*x*x*x*x*x*x*x*x*x*x*x*x*x*x*x*x*x*x*x*x*x*x*
22:50:2LOG_DEBUG*x*                                                                     *x*
22:50:5LOG_DEBUG*x*            Copyright (C) 1991 University of Pennsylvania            *x*
22:50:6LOG_DEBUG*x*                                                                     *x*
22:50:11LOG_DEBUG*x*    The data in this file are part of a preliminary version of the   *x*
22:50:21LOG_DEBUG*x*    Penn Treebank Corpus and should not be redistributed.  Any       *x*
22:50:33LOG_DEBUG*x*    research using this corpus or based on it should acknowledge     *x*
22:50:33LOG_DEBUG*x*    that fact, as well as the preliminary nature of the corpus.      *x*
22:50:33LOG_DEBUG*x*                             (9/9/1991)                             *x*
22:50:33LOG_DEBUG*x*                                                                     *x*
22:50:33LOG_DEBUG*x*x*x*x*x*x*x*x*x*x*x*x*x*x*x*x*x*x*x*x*x*x*x*x*x*x*x*x*x*x*x*x*x*x*x*x*x*
22:50:33LOG_DEBUG*x*x*x*x*x*x*x*x*x*x*x*x*x*x*x*x*x*x*x*x*x*x*x*x*x*x*x*x*x*x*x*x*x*x*x*x*x*
22:50:33LOG_DEBUG
22:50:42LOG_DEBUG( END_OF_TEXT_UNIT )
22:50:42LOG_DEBUG( (S 
22:50:42LOG_DEBUG    (NP (DT A) 
22:50:42LOG_DEBUG      (ADJP (JJ former) )
22:50:42LOG_DEBUG      (NNP Du) (NNP Pont) (NN official) )
22:50:42LOG_DEBUG    (VP 
22:50:42LOG_DEBUG      (VP (VBD became) 
22:50:42LOG_DEBUG        (NP (DT a) 
22:50:42LOG_DEBUG          (NP (NNP General) (NNPS Motors) )
22:50:42LOG_DEBUG          (NN vice) (NN president) ))
22:50:42LOG_DEBUG      (CC and) 
22:50:42LOG_DEBUG      (VP (VBN set) 
22:50:42LOG_DEBUG        (PRT (IN about) )
22:50:42LOG_DEBUG        (S 
22:50:42LOG_DEBUG          (NP (-NONE- *) )
22:50:42LOG_DEBUG          (VP (VBG maximizing) 
22:50:42LOG_DEBUG            (NP 
22:50:42LOG_DEBUG              (NP (NNP Du) (NNP Pont) )
22:50:42LOG_DEBUG              (POS 's) (NN share) 
22:50:42LOG_DEBUG              (PP (IN of) 
22:50:42LOG_DEBUG                (NP (DT the) 
22:50:42LOG_DEBUG                  (NP (NNP General) (NNPS Motors) )
22:50:42LOG_DEBUG                  (NN market) ))))))))
22:50:42LOG_DEBUG  (. .) )
22:50:42LOG_DEBUG( END_OF_TEXT_UNIT )
22:50:42LOG_DEBUG( END_OF_TEXT_UNIT )
22:50:50LOG_FATAL( (S     (NP (DT A)       (ADJP (JJ former) )      (NNP Du) (NNP Pont) (NN official) )    (VP       (VP (VBD became)         (NP (DT a)           (NP (NNP General) (NNPS Motors) )          (NN vice) (NN president) ))      (CC and)       (VP (VBN set)         (PRT (IN about) )        (S           (NP (-NONE- *) )          (VP (VBG maximizing)             (NP               (NP (NNP Du) (NNP Pont) )              (POS 's) (NN share)               (PP (IN of)                 (NP (DT the)                   (NP (NNP General) (NNPS Motors) )                  (NN market) ))))))))  (. .) )
22:50:51LOG_DEBUG( END_OF_TEXT_UNIT )
22:50:51LOG_DEBUG( (S 
22:50:51LOG_DEBUG    (S 
22:50:51LOG_DEBUG      (NP (NNS Lines) 
22:50:51LOG_DEBUG        (PP (IN of) 
22:50:51LOG_DEBUG          (NP (NNS communications) )))
22:50:51LOG_DEBUG      (AUX (VBD were) )
22:50:51LOG_DEBUG      (VP (VBN established) 
22:50:51LOG_DEBUG        (PP (IN between) 
22:50:51LOG_DEBUG          (NP (DT the) (CD two) (NNS companies) ))))
22:50:51LOG_DEBUG    (CC and) 
22:50:51LOG_DEBUG    (S 
22:50:51LOG_DEBUG      (NP (JJ several) (NNP Du) (NNP Pont) (NNS products) )
22:50:51LOG_DEBUG      (AUX (VBD were) )
22:50:51LOG_DEBUG      (ADVP (RB actively) )
22:50:51LOG_DEBUG      (VP (VBN promoted) )))
22:50:51LOG_DEBUG  (. .) )
22:50:51LOG_DEBUG( END_OF_TEXT_UNIT )
22:50:51LOG_DEBUG( END_OF_TEXT_UNIT )
22:50:52LOG_FATAL( (S     (S       (NP (NNS Lines)         (PP (IN of)           (NP (NNS communications) )))      (AUX (VBD were) )      (VP (VBN established)         (PP (IN between)           (NP (DT the) (CD two) (NNS companies) ))))    (CC and)     (S       (NP (JJ several) (NNP Du) (NNP Pont) (NNS products) )      (AUX (VBD were) )      (ADVP (RB actively) )      (VP (VBN promoted) )))  (. .) )
22:50:53LOG_DEBUG( END_OF_TEXT_UNIT )
22:50:53LOG_DEBUG( (S 
22:50:53LOG_DEBUG    (PP (IN Within) 
22:50:53LOG_DEBUG      (NP (DT a) (JJ few) (NNS years) ))
22:50:53LOG_DEBUG    (S 
22:50:53LOG_DEBUG      (NP 
22:50:53LOG_DEBUG        (ADJP (JJ various) )
22:50:53LOG_DEBUG        (NP (NNP Du) (NNP Pont) )
22:50:53LOG_DEBUG        (ADJP (VBN manufactured) )
22:50:53LOG_DEBUG        (NNS items) )
22:50:53LOG_DEBUG      (AUX (VBD were) )
22:50:53LOG_DEBUG      (VP (VBG filling) 
22:50:53LOG_DEBUG        (NP (DT the) 
22:50:53LOG_DEBUG          (ADJP (JJ entire) )
22:50:53LOG_DEBUG          (NNS requirements) 
22:50:53LOG_DEBUG          (PP (IN of) 
22:50:53LOG_DEBUG            (NP 
22:50:53LOG_DEBUG              (PP 
22:50:53LOG_DEBUG                (PP (IN from) 
22:50:53LOG_DEBUG                  (NP (CD four) ))
22:50:53LOG_DEBUG                (PP (TO to) 
22:50:53LOG_DEBUG                  (NP (CD seven) )))
22:50:53LOG_DEBUG              (PP (IN of) 
22:50:53LOG_DEBUG                (NP 
22:50:53LOG_DEBUG                  (NP (NNP General) (NNPS Motors) )
22:50:53LOG_DEBUG                  (POS ') (CD eight) (VBG operating) (NNS divisions) ))))))))
22:50:53LOG_DEBUG  (. .) )
22:50:53LOG_DEBUG( END_OF_TEXT_UNIT )
22:50:53LOG_DEBUG( END_OF_TEXT_UNIT )
22:50:54LOG_FATAL( (S     (PP (IN Within)       (NP (DT a) (JJ few) (NNS years) ))    (S       (NP         (ADJP (JJ various) )        (NP (NNP Du) (NNP Pont) )        (ADJP (VBN manufactured) )        (NNS items) )      (AUX (VBD were) )      (VP (VBG filling)         (NP (DT the)           (ADJP (JJ entire) )          (NNS requirements)           (PP (IN of)             (NP               (PP                 (PP (IN from)                   (NP (CD four) ))                (PP (TO to)                   (NP (CD seven) )))              (PP (IN of)                 (NP                   (NP (NNP General) (NNPS Motors) )                  (POS ') (CD eight) (VBG operating) (NNS divisions) ))))))))  (. .) )
22:50:54LOG_DEBUG( END_OF_TEXT_UNIT )
22:50:54LOG_DEBUG( (S 
22:50:54LOG_DEBUG    (S 
22:50:54LOG_DEBUG      (NP 
22:50:54LOG_DEBUG        (NP (DT The) 
22:50:54LOG_DEBUG          (NP (NNP Fisher) (NNP Body) )
22:50:54LOG_DEBUG          (NN division) )
22:50:54LOG_DEBUG        (, ,) 
22:50:54LOG_DEBUG        (ADVP (RB long) )
22:50:54LOG_DEBUG        (VP (VBN controlled) 
22:50:54LOG_DEBUG          (PP (IN by) 
22:50:54LOG_DEBUG            (NP (DT the) (NNP Fisher) (NNS brothers) ))
22:50:54LOG_DEBUG          (PP (IN under) 
22:50:54LOG_DEBUG            (NP (DT a) (NN voting) (NN trust) ))))
22:50:54LOG_DEBUG      (ADVP (RB even) )
22:50:54LOG_DEBUG      (SBAR (IN though) 
22:50:54LOG_DEBUG        (S 
22:50:54LOG_DEBUG          (NP (NNP General) (NNPS Motors) )
22:50:54LOG_DEBUG          (VP (VBD owned) 
22:50:54LOG_DEBUG            (NP (DT a) (NN majority) 
22:50:54LOG_DEBUG              (PP (IN of) 
22:50:54LOG_DEBUG                (NP (PRP$ its) (NN stock) ))))))
22:50:54LOG_DEBUG      (, ,) 
22:50:54LOG_DEBUG      (VP (VBD followed) 
22:50:54LOG_DEBUG        (NP (DT an) 
22:50:54LOG_DEBUG          (ADJP (JJ independent) )
22:50:54LOG_DEBUG          (NN course) )
22:50:54LOG_DEBUG        (PP (IN for) 
22:50:54LOG_DEBUG          (NP (JJ many) (NNS years) ))))
22:50:54LOG_DEBUG    (, ,) (CC but) 
22:50:54LOG_DEBUG    (S 
22:50:54LOG_DEBUG      (PP (IN by) 
22:50:54LOG_DEBUG        (NP 
22:50:54LOG_DEBUG          (NP (CD 1947) )
22:50:54LOG_DEBUG          (CC and) 
22:50:54LOG_DEBUG          (NP (CD 1948) )))
22:50:54LOG_DEBUG      (S 
22:50:54LOG_DEBUG        (S (`` ``) 
22:50:54LOG_DEBUG          (NP (NN resistance) )
22:50:54LOG_DEBUG          (AUX (VBD had) )
22:50:54LOG_DEBUG          (VP (VBN collapsed) )
22:50:54LOG_DEBUG          ('' '') )
22:50:54LOG_DEBUG        (CC and) 
22:50:54LOG_DEBUG        (S 
22:50:54LOG_DEBUG          (NP (PRP$ its) (NNS purchases) 
22:50:54LOG_DEBUG            (PP (IN from) 
22:50:54LOG_DEBUG              (NP (NNP Du) (NNP Pont) )))
22:50:54LOG_DEBUG          (VP (`` ``) (VBD compared) 
22:50:54LOG_DEBUG            (ADVP (RB favorably) )
22:50:54LOG_DEBUG            ('' '') 
22:50:54LOG_DEBUG            (PP (IN with) 
22:50:54LOG_DEBUG              (NP (NNS purchases) 
22:50:54LOG_DEBUG                (PP (IN by) 
22:50:54LOG_DEBUG                  (NP 
22:50:54LOG_DEBUG                    (ADJP (JJ other) )
22:50:54LOG_DEBUG                    (NNP General) (NNPS Motors) (NNS divisions) )))))))))
22:50:54LOG_DEBUG  (. .) )
22:50:54LOG_DEBUG( END_OF_TEXT_UNIT )
22:50:54LOG_DEBUG( END_OF_TEXT_UNIT )
22:50:54LOG_FATAL( (S     (S       (NP         (NP (DT The)           (NP (NNP Fisher) (NNP Body) )          (NN division) )        (, ,)         (ADVP (RB long) )        (VP (VBN controlled)           (PP (IN by)             (NP (DT the) (NNP Fisher) (NNS brothers) ))          (PP (IN under)             (NP (DT a) (NN voting) (NN trust) ))))      (ADVP (RB even) )      (SBAR (IN though)         (S           (NP (NNP General) (NNPS Motors) )          (VP (VBD owned)             (NP (DT a) (NN majority)               (PP (IN of)                 (NP (PRP$ its) (NN stock) ))))))      (, ,)       (VP (VBD followed)         (NP (DT an)           (ADJP (JJ independent) )          (NN course) )        (PP (IN for)           (NP (JJ many) (NNS years) ))))    (, ,) (CC but)     (S       (PP (IN by)         (NP           (NP (CD 1947) )          (CC and)           (NP (CD 1948) )))      (S         (S (`` ``)           (NP (NN resistance) )          (AUX (VBD had) )          (VP (VBN collapsed) )          ('' '') )        (CC and)         (S           (NP (PRP$ its) (NNS purchases)             (PP (IN from)               (NP (NNP Du) (NNP Pont) )))          (VP (`` ``) (VBD compared)             (ADVP (RB favorably) )            ('' '')             (PP (IN with)               (NP (NNS purchases)                 (PP (IN by)                   (NP                     (ADJP (JJ other) )                    (NNP General) (NNPS Motors) (NNS divisions) )))))))))  (. .) )
22:50:54LOG_DEBUG( END_OF_TEXT_UNIT )
22:50:54LOG_DEBUG( (S 
22:50:54LOG_DEBUG    (S 
22:50:54LOG_DEBUG      (NP (NNS Competitors) )
22:50:54LOG_DEBUG      (VP (VBD came) 
22:50:54LOG_DEBUG        (S 
22:50:54LOG_DEBUG          (NP (-NONE- *) )
22:50:54LOG_DEBUG          (AUX (TO to) )
22:50:54LOG_DEBUG          (VP (VB receive) 
22:50:54LOG_DEBUG            (NP 
22:50:54LOG_DEBUG              (ADJP (JJR higher) )
22:50:54LOG_DEBUG              (NN percentage) 
22:50:54LOG_DEBUG              (PP (IN of) 
22:50:54LOG_DEBUG                (NP (NNP General) (NNPS Motors) (NN business) ))))))
22:50:54LOG_DEBUG      (PP (IN in) 
22:50:54LOG_DEBUG        (NP 
22:50:54LOG_DEBUG          (ADJP (JJR later) )
22:50:54LOG_DEBUG          (NNS years) )))
22:50:54LOG_DEBUG    (, ,) (CC but) 
22:50:54LOG_DEBUG    (S 
22:50:54LOG_DEBUG      (NP (PRP it) )
22:50:54LOG_DEBUG      (VP (VBZ is) 
22:50:54LOG_DEBUG        (ADJP (`` ``) (JJ likely) ('' '') 
22:50:54LOG_DEBUG          (SBAR (IN that) 
22:50:54LOG_DEBUG            (S 
22:50:54LOG_DEBUG              (NP (DT this) (NN trend) )
22:50:54LOG_DEBUG              (VP (VBD stemmed) (`` ``) 
22:50:54LOG_DEBUG                (PP (IN at) 
22:50:54LOG_DEBUG                  (NP 
22:50:54LOG_DEBUG                    (ADJP (JJS least) )))
22:50:54LOG_DEBUG                (PP (IN in) 
22:50:54LOG_DEBUG                  (NP (NN part) ))
22:50:54LOG_DEBUG                ('' '') 
22:50:54LOG_DEBUG                (PP (IN from) 
22:50:54LOG_DEBUG                  (NP 
22:50:54LOG_DEBUG                    (NP (DT the) (NNS needs) 
22:50:54LOG_DEBUG                      (PP (IN of) 
22:50:54LOG_DEBUG                        (NP (NNP General) (NNPS Motors) )))
22:50:54LOG_DEBUG                    (VP (VBG outstripping) 
22:50:54LOG_DEBUG                      (NP 
22:50:54LOG_DEBUG                        (NP (NNP Du) (NNP Pont) )
22:50:54LOG_DEBUG                        (POS 's) (NN capacity) )))))))))))
22:50:54LOG_DEBUG  (. .) )
22:50:54LOG_DEBUG( END_OF_TEXT_UNIT )
22:50:54LOG_DEBUG( END_OF_TEXT_UNIT )
22:50:54LOG_FATAL( (S     (S       (NP (NNS Competitors) )      (VP (VBD came)         (S           (NP (-NONE- *) )          (AUX (TO to) )          (VP (VB receive)             (NP               (ADJP (JJR higher) )              (NN percentage)               (PP (IN of)                 (NP (NNP General) (NNPS Motors) (NN business) ))))))      (PP (IN in)         (NP           (ADJP (JJR later) )          (NNS years) )))    (, ,) (CC but)     (S       (NP (PRP it) )      (VP (VBZ is)         (ADJP (`` ``) (JJ likely) ('' '')           (SBAR (IN that)             (S               (NP (DT this) (NN trend) )              (VP (VBD stemmed) (`` ``)                 (PP (IN at)                   (NP                     (ADJP (JJS least) )))                (PP (IN in)                   (NP (NN part) ))                ('' '')                 (PP (IN from)                   (NP                     (NP (DT the) (NNS needs)                       (PP (IN of)                         (NP (NNP General) (NNPS Motors) )))                    (VP (VBG outstripping)                       (NP                         (NP (NNP Du) (NNP Pont) )                        (POS 's) (NN capacity) )))))))))))  (. .) )
22:50:54LOG_DEBUG( END_OF_TEXT_UNIT )
22:50:54LOG_DEBUG( (S (`` ``) 
22:50:54LOG_DEBUG    (NP 
22:50:54LOG_DEBUG      (NP (DT The) (NN fact) )
22:50:54LOG_DEBUG      (SBAR (WP that) 
22:50:54LOG_DEBUG        (S 
22:50:54LOG_DEBUG          (NP (-NONE- T) )
22:50:54LOG_DEBUG          (VP (VBZ sticks) 
22:50:54LOG_DEBUG            (PRT (IN out) )
22:50:54LOG_DEBUG            (PP (IN in) 
22:50:54LOG_DEBUG              (NP (DT this) 
22:50:54LOG_DEBUG                (ADJP (JJ voluminous) )
22:50:54LOG_DEBUG                (NN record) ))))))
22:50:54LOG_DEBUG    (VP (VBZ is) 
22:50:54LOG_DEBUG      (SBAR (IN that) 
22:50:54LOG_DEBUG        (S 
22:50:54LOG_DEBUG          (NP (DT the) (NN bulk) 
22:50:54LOG_DEBUG            (PP (IN of) 
22:50:54LOG_DEBUG              (NP 
22:50:54LOG_DEBUG                (NP (NNP Du) (NNP Pont) )
22:50:54LOG_DEBUG                (POS 's) (NN production) )))
22:50:54LOG_DEBUG          (AUX (VBZ has) )
22:50:54LOG_DEBUG          (ADVP (RB always) )
22:50:54LOG_DEBUG          (VP (VBN supplied) 
22:50:54LOG_DEBUG            (NP (DT the) 
22:50:54LOG_DEBUG              (ADJP (JJS largest) )
22:50:54LOG_DEBUG              (NN part) 
22:50:54LOG_DEBUG              (PP (IN of) 
22:50:54LOG_DEBUG                (NP (DT the) (NNS requirements) 
22:50:54LOG_DEBUG                  (PP (IN of) 
22:50:54LOG_DEBUG                    (NP 
22:50:54LOG_DEBUG                      (NP (DT the) (CD one) (NN customer) 
22:50:54LOG_DEBUG                        (PP (IN in) 
22:50:54LOG_DEBUG                          (NP (DT the) (NN automobile) (NN industry) )))
22:50:54LOG_DEBUG                      (VP (VBN connected) 
22:50:54LOG_DEBUG                        (PP (TO to) 
22:50:54LOG_DEBUG                          (NP (NNP Du) (NNP Pont) ))
22:50:54LOG_DEBUG                        (PP (IN by) 
22:50:54LOG_DEBUG                          (NP (DT a) (NN stock) (NN interest) )))))))))))))
22:50:54LOG_DEBUG  (. .) )
22:50:54LOG_DEBUG( END_OF_TEXT_UNIT )
22:50:54LOG_DEBUG( END_OF_TEXT_UNIT )
22:50:54LOG_FATAL( (S (`` ``)     (NP       (NP (DT The) (NN fact) )      (SBAR (WP that)         (S           (NP (-NONE- T) )          (VP (VBZ sticks)             (PRT (IN out) )            (PP (IN in)               (NP (DT this)                 (ADJP (JJ voluminous) )                (NN record) ))))))    (VP (VBZ is)       (SBAR (IN that)         (S           (NP (DT the) (NN bulk)             (PP (IN of)               (NP                 (NP (NNP Du) (NNP Pont) )                (POS 's) (NN production) )))          (AUX (VBZ has) )          (ADVP (RB always) )          (VP (VBN supplied)             (NP (DT the)               (ADJP (JJS largest) )              (NN part)               (PP (IN of)                 (NP (DT the) (NNS requirements)                   (PP (IN of)                     (NP                       (NP (DT the) (CD one) (NN customer)                         (PP (IN in)                           (NP (DT the) (NN automobile) (NN industry) )))                      (VP (VBN connected)                         (PP (TO to)                           (NP (NNP Du) (NNP Pont) ))                        (PP (IN by)                           (NP (DT a) (NN stock) (NN interest) )))))))))))))  (. .) )
22:50:54LOG_DEBUG( END_OF_TEXT_UNIT )
22:50:54LOG_DEBUG( (S 
22:50:54LOG_DEBUG    (NP (DT The) (NN inference) 
22:50:54LOG_DEBUG      (SBAR-1 (-NONE- *pseudo-attach*) ))
22:50:54LOG_DEBUG    (VP (VBZ is) 
22:50:54LOG_DEBUG      (ADJP (JJ overwhelming) ))
22:50:54LOG_DEBUG    (SBAR-1 (IN that) 
22:50:54LOG_DEBUG      (S 
22:50:54LOG_DEBUG        (NP 
22:50:54LOG_DEBUG          (NP (NNP Du) (NNP Pont) )
22:50:54LOG_DEBUG          (POS 's) (VBG commanding) (NN position) )
22:50:54LOG_DEBUG        (X 
22:50:54LOG_DEBUG          (X 
22:50:54LOG_DEBUG            (AUX (VBD was) )
22:50:54LOG_DEBUG            (VP (VBN promoted) 
22:50:54LOG_DEBUG              (PP (IN by) 
22:50:54LOG_DEBUG                (NP (PRP$ its) (NN stock) (NN interest) ))))
22:50:54LOG_DEBUG          (CC and) 
22:50:54LOG_DEBUG          (X 
22:50:54LOG_DEBUG            (AUX (VBD was) )
22:50:54LOG_DEBUG            (NEG (RB not) )
22:50:54LOG_DEBUG            (VP (VBN gained) 
22:50:54LOG_DEBUG              (ADVP (RB solely) )
22:50:54LOG_DEBUG              (PP (IN on) 
22:50:54LOG_DEBUG                (NP 
22:50:54LOG_DEBUG                  (ADJP (JJ competitive) )
22:50:54LOG_DEBUG                  (NN merit) ))))))))
22:50:54LOG_DEBUG  ('' '') (. .) )
22:50:54LOG_DEBUG( END_OF_TEXT_UNIT )
22:50:54LOG_DEBUG( END_OF_TEXT_UNIT )
22:50:54LOG_FATAL( (S     (NP (DT The) (NN inference)       (SBAR-1 (-NONE- *pseudo-attach*) ))    (VP (VBZ is)       (ADJP (JJ overwhelming) ))    (SBAR-1 (IN that)       (S         (NP           (NP (NNP Du) (NNP Pont) )          (POS 's) (VBG commanding) (NN position) )        (X           (X             (AUX (VBD was) )            (VP (VBN promoted)               (PP (IN by)                 (NP (PRP$ its) (NN stock) (NN interest) ))))          (CC and)           (X             (AUX (VBD was) )            (NEG (RB not) )            (VP (VBN gained)               (ADVP (RB solely) )              (PP (IN on)                 (NP                   (ADJP (JJ competitive) )                  (NN merit) ))))))))  ('' '') (. .) )
22:50:54LOG_DEBUG( END_OF_TEXT_UNIT )
22:50:54LOG_DEBUG( (NP 
22:50:54LOG_DEBUG    (NP (CD 353) )
22:50:54LOG_DEBUG    (NP (NNP U.S.) )
22:50:54LOG_DEBUG    (, ,) 
22:50:54LOG_DEBUG    (PP (IN at) 
22:50:54LOG_DEBUG      (NP (CD 605) )))
22:50:54LOG_DEBUG  (. .) )
22:50:54LOG_DEBUG( END_OF_TEXT_UNIT )
22:50:54LOG_DEBUG( (S 
22:50:54LOG_DEBUG    (NP (DT This) (NN Court) )
22:50:54LOG_DEBUG    (VP (VBD agreed) 
22:50:54LOG_DEBUG      (PP (IN with) 
22:50:54LOG_DEBUG        (NP (DT the) (NN trial) (NN court) ))
22:50:54LOG_DEBUG      (SBAR (`` ``) (IN that) 
22:50:54LOG_DEBUG        (S 
22:50:54LOG_DEBUG          (NP (NNS considerations) 
22:50:54LOG_DEBUG            (PP (IN of) 
22:50:54LOG_DEBUG              (NP 
22:50:54LOG_DEBUG                (NP (NN price) )
22:50:54LOG_DEBUG                (, ,) 
22:50:54LOG_DEBUG                (NP (NN quality) )
22:50:54LOG_DEBUG                (CC and) 
22:50:54LOG_DEBUG                (NP (NN service) ))))
22:50:54LOG_DEBUG          (AUX (VBD were) )
22:50:54LOG_DEBUG          (NEG (RB not) )
22:50:54LOG_DEBUG          (VP (VBN overlooked) 
22:50:54LOG_DEBUG            (PP (IN by) 
22:50:54LOG_DEBUG              (NP (DT either) 
22:50:54LOG_DEBUG                (NP (NNP Du) (NNP Pont) )
22:50:54LOG_DEBUG                (CC or) 
22:50:54LOG_DEBUG                (NP (NNP General) (NNPS Motors) )))))
22:50:54LOG_DEBUG        ('' '') )))
22:50:54LOG_DEBUG  (. .) )
22:50:54LOG_DEBUG( END_OF_TEXT_UNIT )
22:50:54LOG_DEBUG( END_OF_TEXT_UNIT )
22:50:54LOG_FATAL( (NP     (NP (CD 353) )    (NP (NNP U.S.) )    (, ,)     (PP (IN at)       (NP (CD 605) )))  (. .) )( (S     (NP (DT This) (NN Court) )    (VP (VBD agreed)       (PP (IN with)         (NP (DT the) (NN trial) (NN court) ))      (SBAR (`` ``) (IN that)         (S           (NP (NNS considerations)             (PP (IN of)               (NP                 (NP (NN price) )                (, ,)                 (NP (NN quality) )                (CC and)                 (NP (NN service) ))))          (AUX (VBD were) )          (NEG (RB not) )          (VP (VBN overlooked)             (PP (IN by)               (NP (DT either)                 (NP (NNP Du) (NNP Pont) )                (CC or)                 (NP (NNP General) (NNPS Motors) )))))        ('' '') )))  (. .) )
22:50:54LOG_DEBUG( END_OF_TEXT_UNIT )
22:50:54LOG_DEBUG( (NP 
22:50:54LOG_DEBUG    (NP (CD 353) )
22:50:54LOG_DEBUG    (NP (NNP U.S.) )
22:50:54LOG_DEBUG    (, ,) 
22:50:54LOG_DEBUG    (PP (IN at) 
22:50:54LOG_DEBUG      (NP (CD 606) )))
22:50:54LOG_DEBUG  (. .) )
22:50:54LOG_DEBUG( END_OF_TEXT_UNIT )
22:50:54LOG_DEBUG( END_OF_TEXT_UNIT )
22:50:54LOG_FATAL( (NP     (NP (CD 353) )    (NP (NNP U.S.) )    (, ,)     (PP (IN at)       (NP (CD 606) )))  (. .) )
22:50:54LOG_DEBUG( END_OF_TEXT_UNIT )
22:50:54LOG_DEBUG( (S 
22:50:54LOG_DEBUG    (ADVP (RB However) )
22:50:54LOG_DEBUG    (, ,) 
22:50:54LOG_DEBUG    (S 
22:50:54LOG_DEBUG      (NP (PRP it) )
22:50:54LOG_DEBUG      (VP (VBD determined) 
22:50:54LOG_DEBUG        (SBAR (IN that) 
22:50:54LOG_DEBUG          (S 
22:50:54LOG_DEBUG            (NP (RB neither) 
22:50:54LOG_DEBUG              (NP (DT this) (NN factor) )
22:50:54LOG_DEBUG              (, ,) (CC nor) (`` ``) 
22:50:54LOG_DEBUG              (NP (DT the) (NN fact) 
22:50:54LOG_DEBUG                (SBAR (IN that) 
22:50:54LOG_DEBUG                  (S 
22:50:54LOG_DEBUG                    (S 
22:50:54LOG_DEBUG                      (NP 
22:50:54LOG_DEBUG                        (NP (DT all) )
22:50:54LOG_DEBUG                        (ADJP (VBN concerned) )
22:50:54LOG_DEBUG                        (PP (IN in) 
22:50:54LOG_DEBUG                          (NP 
22:50:54LOG_DEBUG                            (ADJP (JJ high) )
22:50:54LOG_DEBUG                            (ADJP (NN executive) )
22:50:54LOG_DEBUG                            (NNS posts) ))
22:50:54LOG_DEBUG                        (PP (IN in) 
22:50:54LOG_DEBUG                          (NP (DT both) (NNS companies) )))
22:50:54LOG_DEBUG                      (VP (VBD acted) 
22:50:54LOG_DEBUG                        (ADVP 
22:50:54LOG_DEBUG                          (ADVP (RB honorably) )
22:50:54LOG_DEBUG                          (CC and) 
22:50:54LOG_DEBUG                          (ADVP (RB fairly) ))))
22:50:54LOG_DEBUG                    (, ,) 
22:50:54LOG_DEBUG                    (S 
22:50:54LOG_DEBUG                      (NP (DT each) 
22:50:54LOG_DEBUG                        (PP 
22:50:54LOG_DEBUG                          (PP (IN in) 
22:50:54LOG_DEBUG                            (NP (DT the) 
22:50:54LOG_DEBUG                              (ADJP (JJ honest) )
22:50:54LOG_DEBUG                              (NN conviction) 
22:50:54LOG_DEBUG                              (SBAR (IN that) 
22:50:54LOG_DEBUG                                (S 
22:50:54LOG_DEBUG                                  (NP (PRP$ his) (NNS actions) )
22:50:54LOG_DEBUG                                  (VP (VBD were) 
22:50:54LOG_DEBUG                                    (PP (IN in) 
22:50:54LOG_DEBUG                                      (NP (DT the) 
22:50:54LOG_DEBUG                                        (ADJP (JJS best) )
22:50:54LOG_DEBUG                                        (NNS interests) 
22:50:54LOG_DEBUG                                        (PP (IN of) 
22:50:54LOG_DEBUG                                          (NP (PRP$ his) (JJ own) (NN company) )))))))))
22:50:54LOG_DEBUG                          (CC and) 
22:50:54LOG_DEBUG                          (PP (IN without) 
22:50:54LOG_DEBUG                            (NP (DT any) (NN design) 
22:50:54LOG_DEBUG                              (S 
22:50:54LOG_DEBUG                                (NP (-NONE- *) )
22:50:54LOG_DEBUG                                (AUX (TO to) )
22:50:54LOG_DEBUG                                (VP (VB overreach) 
22:50:54LOG_DEBUG                                  (NP 
22:50:54LOG_DEBUG                                    (NP (NN anyone) )
22:50:54LOG_DEBUG                                    (, ,) 
22:50:54LOG_DEBUG                                    (VP (VBG including) 
22:50:54LOG_DEBUG                                      (NP 
22:50:54LOG_DEBUG                                        (NP (NNP Du) (NNP Pont) )
22:50:54LOG_DEBUG                                        (POS 's) (NNS competitors) )))))))))))))
22:50:54LOG_DEBUG              ('' '') 
22:50:54LOG_DEBUG              (, ,)
22:50:54LOG_DEBUG              )
22:50:54LOG_DEBUG            (VP (VBD outweighed) 
22:50:54LOG_DEBUG              (NP 
22:50:54LOG_DEBUG                (NP (DT the) (NN Government) )
22:50:54LOG_DEBUG                (POS 's) (NN claim) 
22:50:54LOG_DEBUG                (PP (IN for) 
22:50:54LOG_DEBUG                  (NP (NN relief) )))))))))
22:50:54LOG_DEBUG  (. .) )
22:50:54LOG_DEBUG( END_OF_TEXT_UNIT )
22:50:54LOG_DEBUG( END_OF_TEXT_UNIT )
22:50:54LOG_FATAL( (S     (ADVP (RB However) )    (, ,)     (S       (NP (PRP it) )      (VP (VBD determined)         (SBAR (IN that)           (S             (NP (RB neither)               (NP (DT this) (NN factor) )              (, ,) (CC nor) (`` ``)               (NP (DT the) (NN fact)                 (SBAR (IN that)                   (S                     (S                       (NP                         (NP (DT all) )                        (ADJP (VBN concerned) )                        (PP (IN in)                           (NP                             (ADJP (JJ high) )                            (ADJP (NN executive) )                            (NNS posts) ))                        (PP (IN in)                           (NP (DT both) (NNS companies) )))                      (VP (VBD acted)                         (ADVP                           (ADVP (RB honorably) )                          (CC and)                           (ADVP (RB fairly) ))))                    (, ,)                     (S                       (NP (DT each)                         (PP                           (PP (IN in)                             (NP (DT the)                               (ADJP (JJ honest) )                              (NN conviction)                               (SBAR (IN that)                                 (S                                   (NP (PRP$ his) (NNS actions) )                                  (VP (VBD were)                                     (PP (IN in)                                       (NP (DT the)                                         (ADJP (JJS best) )                                        (NNS interests)                                         (PP (IN of)                                           (NP (PRP$ his) (JJ own) (NN company) )))))))))                          (CC and)                           (PP (IN without)                             (NP (DT any) (NN design)                               (S                                 (NP (-NONE- *) )                                (AUX (TO to) )                                (VP (VB overreach)                                   (NP                                     (NP (NN anyone) )                                    (, ,)                                     (VP (VBG including)                                       (NP                                         (NP (NNP Du) (NNP Pont) )                                        (POS 's) (NNS competitors) )))))))))))))              ('' '')               (, ,)              )            (VP (VBD outweighed)               (NP                 (NP (DT the) (NN Government) )                (POS 's) (NN claim)                 (PP (IN for)                   (NP (NN relief) )))))))))  (. .) )
22:50:54LOG_DEBUG*x*x*x*x*x*x*x*x*x*x*x*x*x*x*x*x*x*x*x*x*x*x*x*x*x*x*x*x*x*x*x*x*x*x*x*x*x*
22:50:54LOG_DEBUG*x*x*x*x*x*x*x*x*x*x*x*x*x*x*x*x*x*x*x*x*x*x*x*x*x*x*x*x*x*x*x*x*x*x*x*x*x*
22:50:54LOG_DEBUG*x*                                                                     *x*
22:50:54LOG_DEBUG*x*            Copyright (C) 1991 University of Pennsylvania            *x*
22:50:54LOG_DEBUG*x*                                                                     *x*
22:50:54LOG_DEBUG*x*    The data in this file are part of a preliminary version of the   *x*
22:50:54LOG_DEBUG*x*    Penn Treebank Corpus and should not be redistributed.  Any       *x*
22:50:54LOG_DEBUG*x*    research using this corpus or based on it should acknowledge     *x*
22:50:54LOG_DEBUG*x*    that fact, as well as the preliminary nature of the corpus.      *x*
22:50:54LOG_DEBUG*x*                             (9/9/1991)                             *x*
22:50:54LOG_DEBUG*x*                                                                     *x*
22:50:54LOG_DEBUG*x*x*x*x*x*x*x*x*x*x*x*x*x*x*x*x*x*x*x*x*x*x*x*x*x*x*x*x*x*x*x*x*x*x*x*x*x*
22:50:54LOG_DEBUG*x*x*x*x*x*x*x*x*x*x*x*x*x*x*x*x*x*x*x*x*x*x*x*x*x*x*x*x*x*x*x*x*x*x*x*x*x*
22:50:54LOG_DEBUG
22:50:54LOG_DEBUG( END_OF_TEXT_UNIT )
22:50:54LOG_DEBUG( (S 
22:50:54LOG_DEBUG    (NP (DT A) 
22:50:54LOG_DEBUG      (ADJP (JJ former) )
22:50:54LOG_DEBUG      (NNP Du) (NNP Pont) (NN official) )
22:50:54LOG_DEBUG    (VP 
22:50:54LOG_DEBUG      (VP (VBD became) 
22:50:54LOG_DEBUG        (NP (DT a) 
22:50:54LOG_DEBUG          (NP (NNP General) (NNPS Motors) )
22:50:54LOG_DEBUG          (NN vice) (NN president) ))
22:50:54LOG_DEBUG      (CC and) 
22:50:54LOG_DEBUG      (VP (VBN set) 
22:50:54LOG_DEBUG        (PRT (IN about) )
22:50:54LOG_DEBUG        (S 
22:50:54LOG_DEBUG          (NP (-NONE- *) )
22:50:54LOG_DEBUG          (VP (VBG maximizing) 
22:50:54LOG_DEBUG            (NP 
22:50:54LOG_DEBUG              (NP (NNP Du) (NNP Pont) )
22:50:54LOG_DEBUG              (POS 's) (NN share) 
22:50:54LOG_DEBUG              (PP (IN of) 
22:50:54LOG_DEBUG                (NP (DT the) 
22:50:54LOG_DEBUG                  (NP (NNP General) (NNPS Motors) )
22:50:54LOG_DEBUG                  (NN market) ))))))))
22:50:54LOG_DEBUG  (. .) )
22:50:54LOG_DEBUG( END_OF_TEXT_UNIT )
22:50:54LOG_DEBUG( END_OF_TEXT_UNIT )
22:50:54LOG_FATAL( (S     (NP (DT A)       (ADJP (JJ former) )      (NNP Du) (NNP Pont) (NN official) )    (VP       (VP (VBD became)         (NP (DT a)           (NP (NNP General) (NNPS Motors) )          (NN vice) (NN president) ))      (CC and)       (VP (VBN set)         (PRT (IN about) )        (S           (NP (-NONE- *) )          (VP (VBG maximizing)             (NP               (NP (NNP Du) (NNP Pont) )              (POS 's) (NN share)               (PP (IN of)                 (NP (DT the)                   (NP (NNP General) (NNPS Motors) )                  (NN market) ))))))))  (. .) )
22:50:54LOG_DEBUG( END_OF_TEXT_UNIT )
22:50:54LOG_DEBUG( (S 
22:50:54LOG_DEBUG    (S 
22:50:54LOG_DEBUG      (NP (NNS Lines) 
22:50:54LOG_DEBUG        (PP (IN of) 
22:50:54LOG_DEBUG          (NP (NNS communications) )))
22:50:54LOG_DEBUG      (AUX (VBD were) )
22:50:54LOG_DEBUG      (VP (VBN established) 
22:50:54LOG_DEBUG        (PP (IN between) 
22:50:54LOG_DEBUG          (NP (DT the) (CD two) (NNS companies) ))))
22:50:54LOG_DEBUG    (CC and) 
22:50:54LOG_DEBUG    (S 
22:50:54LOG_DEBUG      (NP (JJ several) (NNP Du) (NNP Pont) (NNS products) )
22:50:54LOG_DEBUG      (AUX (VBD were) )
22:50:54LOG_DEBUG      (ADVP (RB actively) )
22:50:54LOG_DEBUG      (VP (VBN promoted) )))
22:50:54LOG_DEBUG  (. .) )
22:50:54LOG_DEBUG( END_OF_TEXT_UNIT )
22:50:54LOG_DEBUG( END_OF_TEXT_UNIT )
22:50:54LOG_FATAL( (S     (S       (NP (NNS Lines)         (PP (IN of)           (NP (NNS communications) )))      (AUX (VBD were) )      (VP (VBN established)         (PP (IN between)           (NP (DT the) (CD two) (NNS companies) ))))    (CC and)     (S       (NP (JJ several) (NNP Du) (NNP Pont) (NNS products) )      (AUX (VBD were) )      (ADVP (RB actively) )      (VP (VBN promoted) )))  (. .) )
22:50:54LOG_DEBUG( END_OF_TEXT_UNIT )
22:50:54LOG_DEBUG( (S 
22:50:54LOG_DEBUG    (PP (IN Within) 
22:50:54LOG_DEBUG      (NP (DT a) (JJ few) (NNS years) ))
22:50:54LOG_DEBUG    (S 
22:50:54LOG_DEBUG      (NP 
22:50:54LOG_DEBUG        (ADJP (JJ various) )
22:50:54LOG_DEBUG        (NP (NNP Du) (NNP Pont) )
22:50:54LOG_DEBUG        (ADJP (VBN manufactured) )
22:50:54LOG_DEBUG        (NNS items) )
22:50:54LOG_DEBUG      (AUX (VBD were) )
22:50:54LOG_DEBUG      (VP (VBG filling) 
22:50:54LOG_DEBUG        (NP (DT the) 
22:50:54LOG_DEBUG          (ADJP (JJ entire) )
22:50:54LOG_DEBUG          (NNS requirements) 
22:50:54LOG_DEBUG          (PP (IN of) 
22:50:54LOG_DEBUG            (NP 
22:50:54LOG_DEBUG              (PP 
22:50:54LOG_DEBUG                (PP (IN from) 
22:50:54LOG_DEBUG                  (NP (CD four) ))
22:50:54LOG_DEBUG                (PP (TO to) 
22:50:54LOG_DEBUG                  (NP (CD seven) )))
22:50:54LOG_DEBUG              (PP (IN of) 
22:50:54LOG_DEBUG                (NP 
22:50:54LOG_DEBUG                  (NP (NNP General) (NNPS Motors) )
22:50:54LOG_DEBUG                  (POS ') (CD eight) (VBG operating) (NNS divisions) ))))))))
22:50:54LOG_DEBUG  (. .) )
22:50:54LOG_DEBUG( END_OF_TEXT_UNIT )
22:50:54LOG_DEBUG( END_OF_TEXT_UNIT )
22:50:54LOG_FATAL( (S     (PP (IN Within)       (NP (DT a) (JJ few) (NNS years) ))    (S       (NP         (ADJP (JJ various) )        (NP (NNP Du) (NNP Pont) )        (ADJP (VBN manufactured) )        (NNS items) )      (AUX (VBD were) )      (VP (VBG filling)         (NP (DT the)           (ADJP (JJ entire) )          (NNS requirements)           (PP (IN of)             (NP               (PP                 (PP (IN from)                   (NP (CD four) ))                (PP (TO to)                   (NP (CD seven) )))              (PP (IN of)                 (NP                   (NP (NNP General) (NNPS Motors) )                  (POS ') (CD eight) (VBG operating) (NNS divisions) ))))))))  (. .) )
22:50:54LOG_DEBUG( END_OF_TEXT_UNIT )
22:50:54LOG_DEBUG( (S 
22:50:54LOG_DEBUG    (S 
22:50:54LOG_DEBUG      (NP 
22:50:54LOG_DEBUG        (NP (DT The) 
22:50:54LOG_DEBUG          (NP (NNP Fisher) (NNP Body) )
22:50:54LOG_DEBUG          (NN division) )
22:50:54LOG_DEBUG        (, ,) 
22:50:54LOG_DEBUG        (ADVP (RB long) )
22:50:54LOG_DEBUG        (VP (VBN controlled) 
22:50:54LOG_DEBUG          (PP (IN by) 
22:50:54LOG_DEBUG            (NP (DT the) (NNP Fisher) (NNS brothers) ))
22:50:54LOG_DEBUG          (PP (IN under) 
22:50:54LOG_DEBUG            (NP (DT a) (NN voting) (NN trust) ))))
22:50:54LOG_DEBUG      (ADVP (RB even) )
22:50:54LOG_DEBUG      (SBAR (IN though) 
22:50:54LOG_DEBUG        (S 
22:50:54LOG_DEBUG          (NP (NNP General) (NNPS Motors) )
22:50:54LOG_DEBUG          (VP (VBD owned) 
22:50:54LOG_DEBUG            (NP (DT a) (NN majority) 
22:50:54LOG_DEBUG              (PP (IN of) 
22:50:54LOG_DEBUG                (NP (PRP$ its) (NN stock) ))))))
22:50:54LOG_DEBUG      (, ,) 
22:50:54LOG_DEBUG      (VP (VBD followed) 
22:50:54LOG_DEBUG        (NP (DT an) 
22:50:54LOG_DEBUG          (ADJP (JJ independent) )
22:50:54LOG_DEBUG          (NN course) )
22:50:54LOG_DEBUG        (PP (IN for) 
22:50:54LOG_DEBUG          (NP (JJ many) (NNS years) ))))
22:50:54LOG_DEBUG    (, ,) (CC but) 
22:50:54LOG_DEBUG    (S 
22:50:54LOG_DEBUG      (PP (IN by) 
22:50:54LOG_DEBUG        (NP 
22:50:54LOG_DEBUG          (NP (CD 1947) )
22:50:54LOG_DEBUG          (CC and) 
22:50:54LOG_DEBUG          (NP (CD 1948) )))
22:50:54LOG_DEBUG      (S 
22:50:54LOG_DEBUG        (S (`` ``) 
22:50:54LOG_DEBUG          (NP (NN resistance) )
22:50:54LOG_DEBUG          (AUX (VBD had) )
22:50:54LOG_DEBUG          (VP (VBN collapsed) )
22:50:54LOG_DEBUG          ('' '') )
22:50:54LOG_DEBUG        (CC and) 
22:50:54LOG_DEBUG        (S 
22:50:54LOG_DEBUG          (NP (PRP$ its) (NNS purchases) 
22:50:54LOG_DEBUG            (PP (IN from) 
22:50:54LOG_DEBUG              (NP (NNP Du) (NNP Pont) )))
22:50:54LOG_DEBUG          (VP (`` ``) (VBD compared) 
22:50:54LOG_DEBUG            (ADVP (RB favorably) )
22:50:54LOG_DEBUG            ('' '') 
22:50:54LOG_DEBUG            (PP (IN with) 
22:50:54LOG_DEBUG              (NP (NNS purchases) 
22:50:54LOG_DEBUG                (PP (IN by) 
22:50:54LOG_DEBUG                  (NP 
22:50:54LOG_DEBUG                    (ADJP (JJ other) )
22:50:54LOG_DEBUG                    (NNP General) (NNPS Motors) (NNS divisions) )))))))))
22:50:54LOG_DEBUG  (. .) )
22:50:54LOG_DEBUG( END_OF_TEXT_UNIT )
22:50:54LOG_DEBUG( END_OF_TEXT_UNIT )
22:50:54LOG_FATAL( (S     (S       (NP         (NP (DT The)           (NP (NNP Fisher) (NNP Body) )          (NN division) )        (, ,)         (ADVP (RB long) )        (VP (VBN controlled)           (PP (IN by)             (NP (DT the) (NNP Fisher) (NNS brothers) ))          (PP (IN under)             (NP (DT a) (NN voting) (NN trust) ))))      (ADVP (RB even) )      (SBAR (IN though)         (S           (NP (NNP General) (NNPS Motors) )          (VP (VBD owned)             (NP (DT a) (NN majority)               (PP (IN of)                 (NP (PRP$ its) (NN stock) ))))))      (, ,)       (VP (VBD followed)         (NP (DT an)           (ADJP (JJ independent) )          (NN course) )        (PP (IN for)           (NP (JJ many) (NNS years) ))))    (, ,) (CC but)     (S       (PP (IN by)         (NP           (NP (CD 1947) )          (CC and)           (NP (CD 1948) )))      (S         (S (`` ``)           (NP (NN resistance) )          (AUX (VBD had) )          (VP (VBN collapsed) )          ('' '') )        (CC and)         (S           (NP (PRP$ its) (NNS purchases)             (PP (IN from)               (NP (NNP Du) (NNP Pont) )))          (VP (`` ``) (VBD compared)             (ADVP (RB favorably) )            ('' '')             (PP (IN with)               (NP (NNS purchases)                 (PP (IN by)                   (NP                     (ADJP (JJ other) )                    (NNP General) (NNPS Motors) (NNS divisions) )))))))))  (. .) )
22:50:54LOG_DEBUG( END_OF_TEXT_UNIT )
22:50:54LOG_DEBUG( (S 
22:50:54LOG_DEBUG    (S 
22:50:54LOG_DEBUG      (NP (NNS Competitors) )
22:50:54LOG_DEBUG      (VP (VBD came) 
22:50:54LOG_DEBUG        (S 
22:50:54LOG_DEBUG          (NP (-NONE- *) )
22:50:54LOG_DEBUG          (AUX (TO to) )
22:50:54LOG_DEBUG          (VP (VB receive) 
22:50:54LOG_DEBUG            (NP 
22:50:54LOG_DEBUG              (ADJP (JJR higher) )
22:50:54LOG_DEBUG              (NN percentage) 
22:50:54LOG_DEBUG              (PP (IN of) 
22:50:54LOG_DEBUG                (NP (NNP General) (NNPS Motors) (NN business) ))))))
22:50:54LOG_DEBUG      (PP (IN in) 
22:50:54LOG_DEBUG        (NP 
22:50:54LOG_DEBUG          (ADJP (JJR later) )
22:50:54LOG_DEBUG          (NNS years) )))
22:50:54LOG_DEBUG    (, ,) (CC but) 
22:50:54LOG_DEBUG    (S 
22:50:54LOG_DEBUG      (NP (PRP it) )
22:50:54LOG_DEBUG      (VP (VBZ is) 
22:50:54LOG_DEBUG        (ADJP (`` ``) (JJ likely) ('' '') 
22:50:54LOG_DEBUG          (SBAR (IN that) 
22:50:54LOG_DEBUG            (S 
22:50:54LOG_DEBUG              (NP (DT this) (NN trend) )
22:50:54LOG_DEBUG              (VP (VBD stemmed) (`` ``) 
22:50:54LOG_DEBUG                (PP (IN at) 
22:50:54LOG_DEBUG                  (NP 
22:50:54LOG_DEBUG                    (ADJP (JJS least) )))
22:50:54LOG_DEBUG                (PP (IN in) 
22:50:54LOG_DEBUG                  (NP (NN part) ))
22:50:54LOG_DEBUG                ('' '') 
22:50:54LOG_DEBUG                (PP (IN from) 
22:50:54LOG_DEBUG                  (NP 
22:50:54LOG_DEBUG                    (NP (DT the) (NNS needs) 
22:50:54LOG_DEBUG                      (PP (IN of) 
22:50:54LOG_DEBUG                        (NP (NNP General) (NNPS Motors) )))
22:50:54LOG_DEBUG                    (VP (VBG outstripping) 
22:50:54LOG_DEBUG                      (NP 
22:50:54LOG_DEBUG                        (NP (NNP Du) (NNP Pont) )
22:50:54LOG_DEBUG                        (POS 's) (NN capacity) )))))))))))
22:50:54LOG_DEBUG  (. .) )
22:50:54LOG_DEBUG( END_OF_TEXT_UNIT )
22:50:54LOG_DEBUG( END_OF_TEXT_UNIT )
22:50:54LOG_FATAL( (S     (S       (NP (NNS Competitors) )      (VP (VBD came)         (S           (NP (-NONE- *) )          (AUX (TO to) )          (VP (VB receive)             (NP               (ADJP (JJR higher) )              (NN percentage)               (PP (IN of)                 (NP (NNP General) (NNPS Motors) (NN business) ))))))      (PP (IN in)         (NP           (ADJP (JJR later) )          (NNS years) )))    (, ,) (CC but)     (S       (NP (PRP it) )      (VP (VBZ is)         (ADJP (`` ``) (JJ likely) ('' '')           (SBAR (IN that)             (S               (NP (DT this) (NN trend) )              (VP (VBD stemmed) (`` ``)                 (PP (IN at)                   (NP                     (ADJP (JJS least) )))                (PP (IN in)                   (NP (NN part) ))                ('' '')                 (PP (IN from)                   (NP                     (NP (DT the) (NNS needs)                       (PP (IN of)                         (NP (NNP General) (NNPS Motors) )))                    (VP (VBG outstripping)                       (NP                         (NP (NNP Du) (NNP Pont) )                        (POS 's) (NN capacity) )))))))))))  (. .) )
22:50:54LOG_DEBUG( END_OF_TEXT_UNIT )
22:50:54LOG_DEBUG( (S (`` ``) 
22:50:54LOG_DEBUG    (NP 
22:50:54LOG_DEBUG      (NP (DT The) (NN fact) )
22:50:54LOG_DEBUG      (SBAR (WP that) 
22:50:54LOG_DEBUG        (S 
22:50:54LOG_DEBUG          (NP (-NONE- T) )
22:50:54LOG_DEBUG          (VP (VBZ sticks) 
22:50:54LOG_DEBUG            (PRT (IN out) )
22:50:54LOG_DEBUG            (PP (IN in) 
22:50:54LOG_DEBUG              (NP (DT this) 
22:50:54LOG_DEBUG                (ADJP (JJ voluminous) )
22:50:54LOG_DEBUG                (NN record) ))))))
22:50:54LOG_DEBUG    (VP (VBZ is) 
22:50:54LOG_DEBUG      (SBAR (IN that) 
22:50:54LOG_DEBUG        (S 
22:50:54LOG_DEBUG          (NP (DT the) (NN bulk) 
22:50:54LOG_DEBUG            (PP (IN of) 
22:50:54LOG_DEBUG              (NP 
22:50:54LOG_DEBUG                (NP (NNP Du) (NNP Pont) )
22:50:54LOG_DEBUG                (POS 's) (NN production) )))
22:50:54LOG_DEBUG          (AUX (VBZ has) )
22:50:54LOG_DEBUG          (ADVP (RB always) )
22:50:54LOG_DEBUG          (VP (VBN supplied) 
22:50:54LOG_DEBUG            (NP (DT the) 
22:50:54LOG_DEBUG              (ADJP (JJS largest) )
22:50:54LOG_DEBUG              (NN part) 
22:50:54LOG_DEBUG              (PP (IN of) 
22:50:54LOG_DEBUG                (NP (DT the) (NNS requirements) 
22:50:54LOG_DEBUG                  (PP (IN of) 
22:50:54LOG_DEBUG                    (NP 
22:50:54LOG_DEBUG                      (NP (DT the) (CD one) (NN customer) 
22:50:54LOG_DEBUG                        (PP (IN in) 
22:50:54LOG_DEBUG                          (NP (DT the) (NN automobile) (NN industry) )))
22:50:54LOG_DEBUG                      (VP (VBN connected) 
22:50:54LOG_DEBUG                        (PP (TO to) 
22:50:54LOG_DEBUG                          (NP (NNP Du) (NNP Pont) ))
22:50:54LOG_DEBUG                        (PP (IN by) 
22:50:54LOG_DEBUG                          (NP (DT a) (NN stock) (NN interest) )))))))))))))
22:50:54LOG_DEBUG  (. .) )
22:50:54LOG_DEBUG( END_OF_TEXT_UNIT )
22:50:54LOG_DEBUG( END_OF_TEXT_UNIT )
22:50:54LOG_FATAL( (S (`` ``)     (NP       (NP (DT The) (NN fact) )      (SBAR (WP that)         (S           (NP (-NONE- T) )          (VP (VBZ sticks)             (PRT (IN out) )            (PP (IN in)               (NP (DT this)                 (ADJP (JJ voluminous) )                (NN record) ))))))    (VP (VBZ is)       (SBAR (IN that)         (S           (NP (DT the) (NN bulk)             (PP (IN of)               (NP                 (NP (NNP Du) (NNP Pont) )                (POS 's) (NN production) )))          (AUX (VBZ has) )          (ADVP (RB always) )          (VP (VBN supplied)             (NP (DT the)               (ADJP (JJS largest) )              (NN part)               (PP (IN of)                 (NP (DT the) (NNS requirements)                   (PP (IN of)                     (NP                       (NP (DT the) (CD one) (NN customer)                         (PP (IN in)                           (NP (DT the) (NN automobile) (NN industry) )))                      (VP (VBN connected)                         (PP (TO to)                           (NP (NNP Du) (NNP Pont) ))                        (PP (IN by)                           (NP (DT a) (NN stock) (NN interest) )))))))))))))  (. .) )
22:50:54LOG_DEBUG( END_OF_TEXT_UNIT )
22:50:54LOG_DEBUG( (S 
22:50:54LOG_DEBUG    (NP (DT The) (NN inference) 
22:50:54LOG_DEBUG      (SBAR-1 (-NONE- *pseudo-attach*) ))
22:50:54LOG_DEBUG    (VP (VBZ is) 
22:50:54LOG_DEBUG      (ADJP (JJ overwhelming) ))
22:50:54LOG_DEBUG    (SBAR-1 (IN that) 
22:50:54LOG_DEBUG      (S 
22:50:54LOG_DEBUG        (NP 
22:50:54LOG_DEBUG          (NP (NNP Du) (NNP Pont) )
22:50:54LOG_DEBUG          (POS 's) (VBG commanding) (NN position) )
22:50:54LOG_DEBUG        (X 
22:50:54LOG_DEBUG          (X 
22:50:54LOG_DEBUG            (AUX (VBD was) )
22:50:54LOG_DEBUG            (VP (VBN promoted) 
22:50:54LOG_DEBUG              (PP (IN by) 
22:50:54LOG_DEBUG                (NP (PRP$ its) (NN stock) (NN interest) ))))
22:50:54LOG_DEBUG          (CC and) 
22:50:54LOG_DEBUG          (X 
22:50:54LOG_DEBUG            (AUX (VBD was) )
22:50:54LOG_DEBUG            (NEG (RB not) )
22:50:54LOG_DEBUG            (VP (VBN gained) 
22:50:54LOG_DEBUG              (ADVP (RB solely) )
22:50:54LOG_DEBUG              (PP (IN on) 
22:50:54LOG_DEBUG                (NP 
22:50:54LOG_DEBUG                  (ADJP (JJ competitive) )
22:50:54LOG_DEBUG                  (NN merit) ))))))))
22:50:54LOG_DEBUG  ('' '') (. .) )
22:50:54LOG_DEBUG( END_OF_TEXT_UNIT )
22:50:54LOG_DEBUG( END_OF_TEXT_UNIT )
22:50:54LOG_FATAL( (S     (NP (DT The) (NN inference)       (SBAR-1 (-NONE- *pseudo-attach*) ))    (VP (VBZ is)       (ADJP (JJ overwhelming) ))    (SBAR-1 (IN that)       (S         (NP           (NP (NNP Du) (NNP Pont) )          (POS 's) (VBG commanding) (NN position) )        (X           (X             (AUX (VBD was) )            (VP (VBN promoted)               (PP (IN by)                 (NP (PRP$ its) (NN stock) (NN interest) ))))          (CC and)           (X             (AUX (VBD was) )            (NEG (RB not) )            (VP (VBN gained)               (ADVP (RB solely) )              (PP (IN on)                 (NP                   (ADJP (JJ competitive) )                  (NN merit) ))))))))  ('' '') (. .) )
22:50:54LOG_DEBUG( END_OF_TEXT_UNIT )
22:50:54LOG_DEBUG( (NP 
22:50:54LOG_DEBUG    (NP (CD 353) )
22:50:54LOG_DEBUG    (NP (NNP U.S.) )
22:50:54LOG_DEBUG    (, ,) 
22:50:54LOG_DEBUG    (PP (IN at) 
22:50:54LOG_DEBUG      (NP (CD 605) )))
22:50:54LOG_DEBUG  (. .) )
22:50:54LOG_DEBUG( END_OF_TEXT_UNIT )
22:50:54LOG_DEBUG( (S 
22:50:54LOG_DEBUG    (NP (DT This) (NN Court) )
22:50:54LOG_DEBUG    (VP (VBD agreed) 
22:50:54LOG_DEBUG      (PP (IN with) 
22:50:54LOG_DEBUG        (NP (DT the) (NN trial) (NN court) ))
22:50:54LOG_DEBUG      (SBAR (`` ``) (IN that) 
22:50:54LOG_DEBUG        (S 
22:50:54LOG_DEBUG          (NP (NNS considerations) 
22:50:54LOG_DEBUG            (PP (IN of) 
22:50:54LOG_DEBUG              (NP 
22:50:54LOG_DEBUG                (NP (NN price) )
22:50:54LOG_DEBUG                (, ,) 
22:50:54LOG_DEBUG                (NP (NN quality) )
22:50:54LOG_DEBUG                (CC and) 
22:50:54LOG_DEBUG                (NP (NN service) ))))
22:50:54LOG_DEBUG          (AUX (VBD were) )
22:50:54LOG_DEBUG          (NEG (RB not) )
22:50:54LOG_DEBUG          (VP (VBN overlooked) 
22:50:54LOG_DEBUG            (PP (IN by) 
22:50:54LOG_DEBUG              (NP (DT either) 
22:50:54LOG_DEBUG                (NP (NNP Du) (NNP Pont) )
22:50:54LOG_DEBUG                (CC or) 
22:50:54LOG_DEBUG                (NP (NNP General) (NNPS Motors) )))))
22:50:54LOG_DEBUG        ('' '') )))
22:50:54LOG_DEBUG  (. .) )
22:50:54LOG_DEBUG( END_OF_TEXT_UNIT )
22:50:54LOG_DEBUG( END_OF_TEXT_UNIT )
22:50:54LOG_FATAL( (NP     (NP (CD 353) )    (NP (NNP U.S.) )    (, ,)     (PP (IN at)       (NP (CD 605) )))  (. .) )( (S     (NP (DT This) (NN Court) )    (VP (VBD agreed)       (PP (IN with)         (NP (DT the) (NN trial) (NN court) ))      (SBAR (`` ``) (IN that)         (S           (NP (NNS considerations)             (PP (IN of)               (NP                 (NP (NN price) )                (, ,)                 (NP (NN quality) )                (CC and)                 (NP (NN service) ))))          (AUX (VBD were) )          (NEG (RB not) )          (VP (VBN overlooked)             (PP (IN by)               (NP (DT either)                 (NP (NNP Du) (NNP Pont) )                (CC or)                 (NP (NNP General) (NNPS Motors) )))))        ('' '') )))  (. .) )
22:50:54LOG_DEBUG( END_OF_TEXT_UNIT )
22:50:54LOG_DEBUG( (NP 
22:50:54LOG_DEBUG    (NP (CD 353) )
22:50:54LOG_DEBUG    (NP (NNP U.S.) )
22:50:54LOG_DEBUG    (, ,) 
22:50:54LOG_DEBUG    (PP (IN at) 
22:50:54LOG_DEBUG      (NP (CD 606) )))
22:50:54LOG_DEBUG  (. .) )
22:50:54LOG_DEBUG( END_OF_TEXT_UNIT )
22:50:54LOG_DEBUG( END_OF_TEXT_UNIT )
22:50:54LOG_FATAL( (NP     (NP (CD 353) )    (NP (NNP U.S.) )    (, ,)     (PP (IN at)       (NP (CD 606) )))  (. .) )
22:50:54LOG_DEBUG( END_OF_TEXT_UNIT )
22:50:54LOG_DEBUG( (S 
22:50:54LOG_DEBUG    (ADVP (RB However) )
22:50:54LOG_DEBUG    (, ,) 
22:50:54LOG_DEBUG    (S 
22:50:54LOG_DEBUG      (NP (PRP it) )
22:50:54LOG_DEBUG      (VP (VBD determined) 
22:50:54LOG_DEBUG        (SBAR (IN that) 
22:50:54LOG_DEBUG          (S 
22:50:54LOG_DEBUG            (NP (RB neither) 
22:50:54LOG_DEBUG              (NP (DT this) (NN factor) )
22:50:54LOG_DEBUG              (, ,) (CC nor) (`` ``) 
22:50:54LOG_DEBUG              (NP (DT the) (NN fact) 
22:50:54LOG_DEBUG                (SBAR (IN that) 
22:50:54LOG_DEBUG                  (S 
22:50:54LOG_DEBUG                    (S 
22:50:54LOG_DEBUG                      (NP 
22:50:54LOG_DEBUG                        (NP (DT all) )
22:50:54LOG_DEBUG                        (ADJP (VBN concerned) )
22:50:54LOG_DEBUG                        (PP (IN in) 
22:50:54LOG_DEBUG                          (NP 
22:50:54LOG_DEBUG                            (ADJP (JJ high) )
22:50:54LOG_DEBUG                            (ADJP (NN executive) )
22:50:54LOG_DEBUG                            (NNS posts) ))
22:50:54LOG_DEBUG                        (PP (IN in) 
22:50:54LOG_DEBUG                          (NP (DT both) (NNS companies) )))
22:50:54LOG_DEBUG                      (VP (VBD acted) 
22:50:54LOG_DEBUG                        (ADVP 
22:50:54LOG_DEBUG                          (ADVP (RB honorably) )
22:50:54LOG_DEBUG                          (CC and) 
22:50:54LOG_DEBUG                          (ADVP (RB fairly) ))))
22:50:54LOG_DEBUG                    (, ,) 
22:50:54LOG_DEBUG                    (S 
22:50:54LOG_DEBUG                      (NP (DT each) 
22:50:54LOG_DEBUG                        (PP 
22:50:54LOG_DEBUG                          (PP (IN in) 
22:50:54LOG_DEBUG                            (NP (DT the) 
22:50:54LOG_DEBUG                              (ADJP (JJ honest) )
22:50:54LOG_DEBUG                              (NN conviction) 
22:50:54LOG_DEBUG                              (SBAR (IN that) 
22:50:54LOG_DEBUG                                (S 
22:50:54LOG_DEBUG                                  (NP (PRP$ his) (NNS actions) )
22:50:54LOG_DEBUG                                  (VP (VBD were) 
22:50:54LOG_DEBUG                                    (PP (IN in) 
22:50:54LOG_DEBUG                                      (NP (DT the) 
22:50:54LOG_DEBUG                                        (ADJP (JJS best) )
22:50:54LOG_DEBUG                                        (NNS interests) 
22:50:54LOG_DEBUG                                        (PP (IN of) 
22:50:54LOG_DEBUG                                          (NP (PRP$ his) (JJ own) (NN company) )))))))))
22:50:54LOG_DEBUG                          (CC and) 
22:50:54LOG_DEBUG                          (PP (IN without) 
22:50:54LOG_DEBUG                            (NP (DT any) (NN design) 
22:50:54LOG_DEBUG                              (S 
22:50:54LOG_DEBUG                                (NP (-NONE- *) )
22:50:54LOG_DEBUG                                (AUX (TO to) )
22:50:54LOG_DEBUG                                (VP (VB overreach) 
22:50:54LOG_DEBUG                                  (NP 
22:50:54LOG_DEBUG                                    (NP (NN anyone) )
22:50:54LOG_DEBUG                                    (, ,) 
22:50:54LOG_DEBUG                                    (VP (VBG including) 
22:50:54LOG_DEBUG                                      (NP 
22:50:54LOG_DEBUG                                        (NP (NNP Du) (NNP Pont) )
22:50:54LOG_DEBUG                                        (POS 's) (NNS competitors) )))))))))))))
22:50:54LOG_DEBUG              ('' '') 
22:50:54LOG_DEBUG              (, ,)
22:50:54LOG_DEBUG              )
22:50:54LOG_DEBUG            (VP (VBD outweighed) 
22:50:54LOG_DEBUG              (NP 
22:50:54LOG_DEBUG                (NP (DT the) (NN Government) )
22:50:54LOG_DEBUG                (POS 's) (NN claim) 
22:50:54LOG_DEBUG                (PP (IN for) 
22:50:54LOG_DEBUG                  (NP (NN relief) )))))))))
22:50:54LOG_DEBUG  (. .) )
22:50:54LOG_DEBUG( END_OF_TEXT_UNIT )
22:50:54LOG_DEBUG( END_OF_TEXT_UNIT )
22:50:54LOG_FATAL( (S     (ADVP (RB However) )    (, ,)     (S       (NP (PRP it) )      (VP (VBD determined)         (SBAR (IN that)           (S             (NP (RB neither)               (NP (DT this) (NN factor) )              (, ,) (CC nor) (`` ``)               (NP (DT the) (NN fact)                 (SBAR (IN that)                   (S                     (S                       (NP                         (NP (DT all) )                        (ADJP (VBN concerned) )                        (PP (IN in)                           (NP                             (ADJP (JJ high) )                            (ADJP (NN executive) )                            (NNS posts) ))                        (PP (IN in)                           (NP (DT both) (NNS companies) )))                      (VP (VBD acted)                         (ADVP                           (ADVP (RB honorably) )                          (CC and)                           (ADVP (RB fairly) ))))                    (, ,)                     (S                       (NP (DT each)                         (PP                           (PP (IN in)                             (NP (DT the)                               (ADJP (JJ honest) )                              (NN conviction)                               (SBAR (IN that)                                 (S                                   (NP (PRP$ his) (NNS actions) )                                  (VP (VBD were)                                     (PP (IN in)                                       (NP (DT the)                                         (ADJP (JJS best) )                                        (NNS interests)                                         (PP (IN of)                                           (NP (PRP$ his) (JJ own) (NN company) )))))))))                          (CC and)                           (PP (IN without)                             (NP (DT any) (NN design)                               (S                                 (NP (-NONE- *) )                                (AUX (TO to) )                                (VP (VB overreach)                                   (NP                                     (NP (NN anyone) )                                    (, ,)                                     (VP (VBG including)                                       (NP                                         (NP (NNP Du) (NNP Pont) )                                        (POS 's) (NNS competitors) )))))))))))))              ('' '')               (, ,)              )            (VP (VBD outweighed)               (NP                 (NP (DT the) (NN Government) )                (POS 's) (NN claim)                 (PP (IN for)                   (NP (NN relief) )))))))))  (. .) )
